<?xml version="1.0" encoding="UTF-8"?>
<!-- Generated by org.testng.reporters.JUnitXMLReporter -->
<testsuite ignored="0" hostname="Abisheks-MacBook-Air.local" failures="0" tests="5" name="Samsung s20 Fe" time="0.213" errors="0" timestamp="2024-03-30T16:28:57 IST">
  <testcase classname="com.qa.testcase.LoginTest" name="emptyUsername" time="0.0">
    <skipped/>
  </testcase> <!-- emptyUsername -->
  <testcase classname="com.qa.testcase.LoginTest" name="invalidUserName" time="0.0">
    <skipped/>
  </testcase> <!-- invalidUserName -->
  <testcase classname="com.qa.testcase.LoginTest" name="validLogin" time="0.0">
    <skipped/>
  </testcase> <!-- validLogin -->
  <testcase classname="com.qa.testcase.ProductsTest" name="getProductDes" time="0.0">
    <skipped/>
  </testcase> <!-- getProductDes -->
  <testcase classname="com.qa.testcase.ProductsTest" name="validLogin" time="0.0">
    <skipped/>
  </testcase> <!-- validLogin -->
</testsuite> <!-- Samsung s20 Fe -->
